<?xml version="1.0" encoding="UTF-8"?>
<testsuite xmlns:xsi="http://www.w3.org/2001/XMLSchema-instance" xsi:noNamespaceSchemaLocation="https://maven.apache.org/surefire/maven-surefire-plugin/xsd/surefire-test-report.xsd" name="finalproject.emag.controller.PromotionControllerTest" time="2.132" tests="1" errors="0" skipped="0" failures="1">
  <properties>
[...]
</properties>
  <testcase name="addPromotionSuccess" classname="finalproject.emag.controller.PromotionControllerTest" time="1.986">
    <failure message="Status expected:&lt;200&gt; but was:&lt;400&gt;" type="java.lang.AssertionError"><![CDATA[java.lang.AssertionError: Status expected:<200> but was:<400>
	at finalproject.emag.controller.PromotionControllerTest.addPromotionSuccess(PromotionControllerTest.java:51)
]]></failure>
    <system-out><![CDATA[2019-07-02 16:32:17.258  INFO 11480 --- [           main] .b.t.c.SpringBootTestContextBootstrapper : Neither @ContextConfiguration nor @ContextHierarchy found for test class [finalproject.emag.controller.PromotionControllerTest], using SpringBootContextLoader
2019-07-02 16:32:17.259  INFO 11480 --- [           main] o.s.t.c.support.AbstractContextLoader    : Could not detect default resource locations for test class [finalproject.emag.controller.PromotionControllerTest]: no resource found for suffixes {-context.xml, Context.groovy}.
2019-07-02 16:32:17.259  INFO 11480 --- [           main] t.c.s.AnnotationConfigContextLoaderUtils : Could not detect default configuration classes for test class [finalproject.emag.controller.PromotionControllerTest]: PromotionControllerTest does not declare any static, non-private, non-final, nested classes annotated with @Configuration.
2019-07-02 16:32:17.261  INFO 11480 --- [           main] .b.t.c.SpringBootTestContextBootstrapper : Found @SpringBootConfiguration finalproject.emag.EmagApplication for test class finalproject.emag.controller.PromotionControllerTest
2019-07-02 16:32:17.263  INFO 11480 --- [           main] .b.t.c.SpringBootTestContextBootstrapper : Loaded default TestExecutionListener class names from location [META-INF/spring.factories]: [org.springframework.boot.test.mock.mockito.MockitoTestExecutionListener, org.springframework.boot.test.mock.mockito.ResetMocksTestExecutionListener, org.springframework.boot.test.autoconfigure.restdocs.RestDocsTestExecutionListener, org.springframework.boot.test.autoconfigure.web.client.MockRestServiceServerResetTestExecutionListener, org.springframework.boot.test.autoconfigure.web.servlet.MockMvcPrintOnlyOnFailureTestExecutionListener, org.springframework.boot.test.autoconfigure.web.servlet.WebDriverTestExecutionListener, org.springframework.test.context.web.ServletTestExecutionListener, org.springframework.test.context.support.DirtiesContextBeforeModesTestExecutionListener, org.springframework.test.context.support.DependencyInjectionTestExecutionListener, org.springframework.test.context.support.DirtiesContextTestExecutionListener, org.springframework.test.context.transaction.TransactionalTestExecutionListener, org.springframework.test.context.jdbc.SqlScriptsTestExecutionListener]
2019-07-02 16:32:17.263  INFO 11480 --- [           main] .b.t.c.SpringBootTestContextBootstrapper : Using TestExecutionListeners: [org.springframework.test.context.web.ServletTestExecutionListener@341c0dfc, org.springframework.test.context.support.DirtiesContextBeforeModesTestExecutionListener@7e0b68e5, org.springframework.boot.test.mock.mockito.MockitoTestExecutionListener@507fecf3, org.springframework.boot.test.autoconfigure.SpringBootDependencyInjectionTestExecutionListener@3f1d4ecf, org.springframework.test.context.support.DirtiesContextTestExecutionListener@6bbac73d, org.springframework.test.context.transaction.TransactionalTestExecutionListener@4e53c6ef, org.springframework.test.context.jdbc.SqlScriptsTestExecutionListener@6164b3a2, org.springframework.boot.test.mock.mockito.ResetMocksTestExecutionListener@345af277, org.springframework.boot.test.autoconfigure.restdocs.RestDocsTestExecutionListener@96448ee, org.springframework.boot.test.autoconfigure.web.client.MockRestServiceServerResetTestExecutionListener@59509393, org.springframework.boot.test.autoconfigure.web.servlet.MockMvcPrintOnlyOnFailureTestExecutionListener@1d6dc2b8, org.springframework.boot.test.autoconfigure.web.servlet.WebDriverTestExecutionListener@7ec75228]
{"startDate":{"year":2016,"month":"AUGUST","monthValue":8,"dayOfMonth":16,"dayOfWeek":"TUESDAY","leapYear":true,"dayOfYear":229,"era":"CE","chronology":{"id":"ISO","calendarType":"iso8601"}},"endDate":{"year":2016,"month":"SEPTEMBER","monthValue":9,"dayOfMonth":16,"dayOfWeek":"FRIDAY","leapYear":true,"dayOfYear":260,"era":"CE","chronology":{"id":"ISO","calendarType":"iso8601"}},"newPrice":500.0}
Hibernate: select user0_.id as id1_5_0_, user0_.admin as admin2_5_0_, user0_.birth_date as birth_da3_5_0_, user0_.email as email4_5_0_, user0_.image_url as image_ur5_5_0_, user0_.full_name as full_nam6_5_0_, user0_.password as password7_5_0_, user0_.phone_number as phone_nu8_5_0_, user0_.subscribed as subscrib9_5_0_, user0_.username as usernam10_5_0_ from users user0_ where user0_.id=?
Hibernate: select user0_.id as id1_5_0_, user0_.admin as admin2_5_0_, user0_.birth_date as birth_da3_5_0_, user0_.email as email4_5_0_, user0_.image_url as image_ur5_5_0_, user0_.full_name as full_nam6_5_0_, user0_.password as password7_5_0_, user0_.phone_number as phone_nu8_5_0_, user0_.subscribed as subscrib9_5_0_, user0_.username as usernam10_5_0_ from users user0_ where user0_.id=?
2019-07-02 16:32:17.291  WARN 11480 --- [           main] .w.s.m.s.DefaultHandlerExceptionResolver : Resolved [org.springframework.http.converter.HttpMessageNotReadableException: JSON parse error: Expected array or string.; nested exception is com.fasterxml.jackson.databind.exc.MismatchedInputException: Expected array or string.
 at [Source: (PushbackInputStream); line: 1, column: 14] (through reference chain: finalproject.emag.model.dto.PromotionProductDTO["startDate"])]

MockHttpServletRequest:
      HTTP Method = POST
      Request URI = /products/promotions/2
       Parameters = {}
          Headers = [Content-Type:"application/json;charset=UTF-8", Accept:"application/json"]
             Body = {"startDate":{"year":2016,"month":"AUGUST","monthValue":8,"dayOfMonth":16,"dayOfWeek":"TUESDAY","leapYear":true,"dayOfYear":229,"era":"CE","chronology":{"id":"ISO","calendarType":"iso8601"}},"endDate":{"year":2016,"month":"SEPTEMBER","monthValue":9,"dayOfMonth":16,"dayOfWeek":"FRIDAY","leapYear":true,"dayOfYear":260,"era":"CE","chronology":{"id":"ISO","calendarType":"iso8601"}},"newPrice":500.0}
    Session Attrs = {user=ShowUserDTO(id=2, email=admin@abv.bg, name=Admin, username=admin, phoneNumber=666, birthDate=2019-07-01, subscribed=false, admin=true, imageUrl=null)}

Handler:
             Type = finalproject.emag.controller.PromotionsController
           Method = public org.springframework.http.ResponseEntity finalproject.emag.controller.PromotionsController.addPromotion(java.lang.Long,finalproject.emag.model.dto.PromotionProductDTO,javax.servlet.http.HttpSession) throws finalproject.emag.util.exception.BaseException

Async:
    Async started = false
     Async result = null

Resolved Exception:
             Type = org.springframework.http.converter.HttpMessageNotReadableException

ModelAndView:
        View name = null
             View = null
            Model = null

FlashMap:
       Attributes = null

MockHttpServletResponse:
           Status = 400
    Error message = null
          Headers = []
     Content type = null
             Body = 
    Forwarded URL = null
   Redirected URL = null
          Cookies = []

MockHttpServletRequest:
      HTTP Method = GET
      Request URI = /products/1
       Parameters = {}
          Headers = [Accept:"application/json"]
             Body = null
    Session Attrs = {}

Handler:
             Type = finalproject.emag.controller.ProductController
           Method = public finalproject.emag.model.pojo.Product finalproject.emag.controller.ProductController.getProduct(long) throws finalproject.emag.util.exception.ProductNotFoundException

Async:
    Async started = false
     Async result = null

Resolved Exception:
             Type = null

ModelAndView:
        View name = null
             View = null
            Model = null

FlashMap:
       Attributes = null

MockHttpServletResponse:
           Status = 200
    Error message = null
          Headers = [Content-Type:"application/json;charset=UTF-8"]
     Content type = application/json;charset=UTF-8
             Body = {"id":1,"category":{"id":1,"name":"Computers"},"name":"Asus PC","price":2000.0,"quantity":5,"imageUrl":null}
    Forwarded URL = null
   Redirected URL = null
          Cookies = []

MockHttpServletRequest:
      HTTP Method = GET
      Request URI = /products/search/Asus
       Parameters = {}
          Headers = [Accept:"application/json"]
             Body = null
    Session Attrs = {}

Handler:
             Type = finalproject.emag.controller.ProductController
           Method = public java.util.List<finalproject.emag.model.pojo.Product> finalproject.emag.controller.ProductController.searchProducts(java.lang.String)

Async:
    Async started = false
     Async result = null

Resolved Exception:
             Type = null

ModelAndView:
        View name = null
             View = null
            Model = null

FlashMap:
       Attributes = null

MockHttpServletResponse:
           Status = 200
    Error message = null
          Headers = [Content-Type:"application/json;charset=UTF-8"]
     Content type = application/json;charset=UTF-8
             Body = [{"id":1,"category":{"id":1,"name":"Computers"},"name":"Asus PC","price":2000.0,"quantity":5,"imageUrl":null}]
    Forwarded URL = null
   Redirected URL = null
          Cookies = []

MockHttpServletRequest:
      HTTP Method = PUT
      Request URI = /products/1/quantity/-1
       Parameters = {}
          Headers = [Accept:"application/json"]
             Body = null
    Session Attrs = {user=ShowUserDTO(id=2, email=admin@abv.bg, name=Admin, username=admin, phoneNumber=666, birthDate=2019-07-01, subscribed=false, admin=true, imageUrl=null)}

Handler:
             Type = finalproject.emag.controller.ProductController
           Method = public org.springframework.http.ResponseEntity finalproject.emag.controller.ProductController.changeProductQuantity(long,int,javax.servlet.http.HttpSession) throws finalproject.emag.util.exception.BaseException

Async:
    Async started = false
     Async result = null

Resolved Exception:
             Type = finalproject.emag.util.exception.InvalidQuantityException

ModelAndView:
        View name = null
             View = null
            Model = null

FlashMap:
       Attributes = null

MockHttpServletResponse:
           Status = 400
    Error message = null
          Headers = [Content-Type:"application/json;charset=UTF-8"]
     Content type = application/json;charset=UTF-8
             Body = {"msg":"You can't change the quantity to this value!"}
    Forwarded URL = null
   Redirected URL = null
          Cookies = []

MockHttpServletRequest:
      HTTP Method = PUT
      Request URI = /products/1/quantity/50
       Parameters = {}
          Headers = [Accept:"application/json"]
             Body = null
    Session Attrs = {}

Handler:
             Type = finalproject.emag.controller.ProductController
           Method = public org.springframework.http.ResponseEntity finalproject.emag.controller.ProductController.changeProductQuantity(long,int,javax.servlet.http.HttpSession) throws finalproject.emag.util.exception.BaseException

Async:
    Async started = false
     Async result = null

Resolved Exception:
             Type = finalproject.emag.util.exception.NotLoggedException

ModelAndView:
        View name = null
             View = null
            Model = null

FlashMap:
       Attributes = null

MockHttpServletResponse:
           Status = 401
    Error message = null
          Headers = [Content-Type:"application/json;charset=UTF-8"]
     Content type = application/json;charset=UTF-8
             Body = {"msg":"You are not logged."}
    Forwarded URL = null
   Redirected URL = null
          Cookies = []

MockHttpServletRequest:
      HTTP Method = GET
      Request URI = /products
       Parameters = {}
          Headers = [Accept:"application/json"]
             Body = null
    Session Attrs = {}

Handler:
             Type = finalproject.emag.controller.ProductController
           Method = public java.util.List<finalproject.emag.model.pojo.Product> finalproject.emag.controller.ProductController.getAllProducts()

Async:
    Async started = false
     Async result = null

Resolved Exception:
             Type = null

ModelAndView:
        View name = null
             View = null
            Model = null

FlashMap:
       Attributes = null

MockHttpServletResponse:
           Status = 200
    Error message = null
          Headers = [Content-Type:"application/json;charset=UTF-8"]
     Content type = application/json;charset=UTF-8
             Body = [{"id":1,"category":{"id":1,"name":"Computers"},"name":"Asus PC","price":2000.0,"quantity":5,"imageUrl":null},{"id":2,"category":{"id":2,"name":"Mobile phones"},"name":"Samsung S10","price":1200.0,"quantity":1,"imageUrl":null},{"id":3,"category":{"id":3,"name":"Accessories"},"name":"Charger","price":10.0,"quantity":50,"imageUrl":null},{"id":4,"category":{"id":4,"name":"White tech"},"name":"Whirlpool","price":1500.0,"quantity":7,"imageUrl":null}]
    Forwarded URL = null
   Redirected URL = null
          Cookies = []

MockHttpServletRequest:
      HTTP Method = GET
      Request URI = /products/filter
       Parameters = {}
          Headers = [Content-Type:"application/json;charset=UTF-8", Accept:"application/json"]
             Body = {"from":1000.0,"to":2000.0,"order":"DESC"}
    Session Attrs = {}

Handler:
             Type = finalproject.emag.controller.ProductController
           Method = public java.util.List<finalproject.emag.model.pojo.Product> finalproject.emag.controller.ProductController.getAllProductsFiltered(finalproject.emag.model.dto.FilterParamsDTO)

Async:
    Async started = false
     Async result = null

Resolved Exception:
             Type = null

ModelAndView:
        View name = null
             View = null
            Model = null

FlashMap:
       Attributes = null

MockHttpServletResponse:
           Status = 200
    Error message = null
          Headers = [Content-Type:"application/json;charset=UTF-8"]
     Content type = application/json;charset=UTF-8
             Body = [{"id":1,"category":{"id":1,"name":"Computers"},"name":"Asus PC","price":2000.0,"quantity":5,"imageUrl":null},{"id":4,"category":{"id":4,"name":"White tech"},"name":"Whirlpool","price":1500.0,"quantity":7,"imageUrl":null},{"id":2,"category":{"id":2,"name":"Mobile phones"},"name":"Samsung S10","price":1200.0,"quantity":1,"imageUrl":null}]
    Forwarded URL = null
   Redirected URL = null
          Cookies = []

MockHttpServletRequest:
      HTTP Method = GET
      Request URI = /products/category/4/filter
       Parameters = {}
          Headers = [Content-Type:"application/json;charset=UTF-8", Accept:"application/json"]
             Body = {"from":1000.0,"to":2000.0,"order":"ASC"}
    Session Attrs = {}

Handler:
             Type = finalproject.emag.controller.ProductController
           Method = public java.util.List<finalproject.emag.model.pojo.Product> finalproject.emag.controller.ProductController.getAllProductsBySubcategoryFiltered(long,finalproject.emag.model.dto.FilterParamsDTO)

Async:
    Async started = false
     Async result = null

Resolved Exception:
             Type = null

ModelAndView:
        View name = null
             View = null
            Model = null

FlashMap:
       Attributes = null

MockHttpServletResponse:
           Status = 200
    Error message = null
          Headers = [Content-Type:"application/json;charset=UTF-8"]
     Content type = application/json;charset=UTF-8
             Body = [{"id":4,"category":{"id":4,"name":"White tech"},"name":"Whirlpool","price":1500.0,"quantity":7,"imageUrl":null}]
    Forwarded URL = null
   Redirected URL = null
          Cookies = []

MockHttpServletRequest:
      HTTP Method = PUT
      Request URI = /products/10/quantity/50
       Parameters = {}
          Headers = [Accept:"application/json"]
             Body = null
    Session Attrs = {user=ShowUserDTO(id=2, email=admin@abv.bg, name=Admin, username=admin, phoneNumber=666, birthDate=2019-07-01, subscribed=false, admin=true, imageUrl=null)}

Handler:
             Type = finalproject.emag.controller.ProductController
           Method = public org.springframework.http.ResponseEntity finalproject.emag.controller.ProductController.changeProductQuantity(long,int,javax.servlet.http.HttpSession) throws finalproject.emag.util.exception.BaseException

Async:
    Async started = false
     Async result = null

Resolved Exception:
             Type = finalproject.emag.util.exception.ProductNotFoundException

ModelAndView:
        View name = null
             View = null
            Model = null

FlashMap:
       Attributes = null

MockHttpServletResponse:
           Status = 400
    Error message = null
          Headers = [Content-Type:"application/json;charset=UTF-8"]
     Content type = application/json;charset=UTF-8
             Body = {"msg":"Product not found"}
    Forwarded URL = null
   Redirected URL = null
          Cookies = []

MockHttpServletRequest:
      HTTP Method = POST
      Request URI = /products/1/add
       Parameters = {}
          Headers = [Accept:"application/json"]
             Body = null
    Session Attrs = {}

Handler:
             Type = finalproject.emag.controller.ProductController
           Method = public org.springframework.http.ResponseEntity finalproject.emag.controller.ProductController.addToCart(long,javax.servlet.http.HttpSession) throws java.lang.Exception

Async:
    Async started = false
     Async result = null

Resolved Exception:
             Type = finalproject.emag.util.exception.NotLoggedException

ModelAndView:
        View name = null
             View = null
            Model = null

FlashMap:
       Attributes = null

MockHttpServletResponse:
           Status = 401
    Error message = null
          Headers = [Content-Type:"application/json;charset=UTF-8"]
     Content type = application/json;charset=UTF-8
             Body = {"msg":"You are not logged."}
    Forwarded URL = null
   Redirected URL = null
          Cookies = []

MockHttpServletRequest:
      HTTP Method = GET
      Request URI = /products/view/cart
       Parameters = {}
          Headers = [Accept:"application/json"]
             Body = null
    Session Attrs = {user=ShowUserDTO(id=1, email=gosho@abv.bg, name=Georgi Petkov, username=gosho, phoneNumber=0345345, birthDate=2019-07-01, subscribed=true, admin=false, imageUrl=null)}

Handler:
             Type = finalproject.emag.controller.ProductController
           Method = public java.util.List<finalproject.emag.model.dto.CartViewProductDTO> finalproject.emag.controller.ProductController.viewCart(javax.servlet.http.HttpSession) throws finalproject.emag.util.exception.BaseException

Async:
    Async started = false
     Async result = null

Resolved Exception:
             Type = finalproject.emag.util.exception.EmptyCartException

ModelAndView:
        View name = null
             View = null
            Model = null

FlashMap:
       Attributes = null

MockHttpServletResponse:
           Status = 400
    Error message = null
          Headers = [Content-Type:"application/json;charset=UTF-8"]
     Content type = application/json;charset=UTF-8
             Body = {"msg":"Your cart is empty."}
    Forwarded URL = null
   Redirected URL = null
          Cookies = []

MockHttpServletRequest:
      HTTP Method = POST
      Request URI = /products/order
       Parameters = {}
          Headers = [Accept:"application/json"]
             Body = null
    Session Attrs = {user=ShowUserDTO(id=1, email=gosho@abv.bg, name=Georgi Petkov, username=gosho, phoneNumber=0345345, birthDate=2019-07-01, subscribed=true, admin=false, imageUrl=null)}

Handler:
             Type = finalproject.emag.controller.ProductController
           Method = public org.springframework.http.ResponseEntity finalproject.emag.controller.ProductController.makeOrder(javax.servlet.http.HttpSession) throws finalproject.emag.util.exception.BaseException

Async:
    Async started = false
     Async result = null

Resolved Exception:
             Type = finalproject.emag.util.exception.EmptyCartException

ModelAndView:
        View name = null
             View = null
            Model = null

FlashMap:
       Attributes = null

MockHttpServletResponse:
           Status = 400
    Error message = null
          Headers = [Content-Type:"application/json;charset=UTF-8"]
     Content type = application/json;charset=UTF-8
             Body = {"msg":"Your cart is empty."}
    Forwarded URL = null
   Redirected URL = null
          Cookies = []

MockHttpServletRequest:
      HTTP Method = PUT
      Request URI = /products/1/quantity/50
       Parameters = {}
          Headers = [Accept:"application/json"]
             Body = null
    Session Attrs = {user=ShowUserDTO(id=1, email=gosho@abv.bg, name=Georgi Petkov, username=gosho, phoneNumber=0345345, birthDate=2019-07-01, subscribed=true, admin=false, imageUrl=null)}

Handler:
             Type = finalproject.emag.controller.ProductController
           Method = public org.springframework.http.ResponseEntity finalproject.emag.controller.ProductController.changeProductQuantity(long,int,javax.servlet.http.HttpSession) throws finalproject.emag.util.exception.BaseException

Async:
    Async started = false
     Async result = null

Resolved Exception:
             Type = finalproject.emag.util.exception.NotAdminException

ModelAndView:
        View name = null
             View = null
            Model = null

FlashMap:
       Attributes = null

MockHttpServletResponse:
           Status = 401
    Error message = null
          Headers = [Content-Type:"application/json;charset=UTF-8"]
     Content type = application/json;charset=UTF-8
             Body = {"msg":"You are not admin."}
    Forwarded URL = null
   Redirected URL = null
          Cookies = []

MockHttpServletRequest:
      HTTP Method = POST
      Request URI = /products
       Parameters = {}
          Headers = [Content-Type:"application/json;charset=UTF-8", Accept:"application/json"]
             Body = {"name":"HP","price":5000.0,"quantity":6,"categoryId":1}
    Session Attrs = {user=ShowUserDTO(id=2, email=admin@abv.bg, name=Admin, username=admin, phoneNumber=666, birthDate=2019-07-01, subscribed=false, admin=true, imageUrl=null)}

Handler:
             Type = finalproject.emag.controller.ProductController
           Method = public org.springframework.http.ResponseEntity finalproject.emag.controller.ProductController.addProduct(finalproject.emag.model.dto.ProductAddDTO,javax.servlet.http.HttpSession) throws finalproject.emag.util.exception.BaseException

Async:
    Async started = false
     Async result = null

Resolved Exception:
             Type = null

ModelAndView:
        View name = null
             View = null
            Model = null

FlashMap:
       Attributes = null

MockHttpServletResponse:
           Status = 200
    Error message = null
          Headers = [Content-Type:"application/json;charset=UTF-8"]
     Content type = application/json;charset=UTF-8
             Body = {"msg":"Product added"}
    Forwarded URL = null
   Redirected URL = null
          Cookies = []

MockHttpServletRequest:
      HTTP Method = POST
      Request URI = /products/1/add
       Parameters = {}
          Headers = [Accept:"application/json"]
             Body = null
    Session Attrs = {user=ShowUserDTO(id=1, email=gosho@abv.bg, name=Georgi Petkov, username=gosho, phoneNumber=0345345, birthDate=2019-07-01, subscribed=true, admin=false, imageUrl=null), cart={CartProductDTO(id=1, category=Category(id=1, name=Computers), name=Asus PC, price=2000.0)=1}}

Handler:
             Type = finalproject.emag.controller.ProductController
           Method = public org.springframework.http.ResponseEntity finalproject.emag.controller.ProductController.addToCart(long,javax.servlet.http.HttpSession) throws java.lang.Exception

Async:
    Async started = false
     Async result = null

Resolved Exception:
             Type = null

ModelAndView:
        View name = null
             View = null
            Model = null

FlashMap:
       Attributes = null

MockHttpServletResponse:
           Status = 200
    Error message = null
          Headers = [Content-Type:"application/json;charset=UTF-8"]
     Content type = application/json;charset=UTF-8
             Body = {"msg":"Product added to cart"}
    Forwarded URL = null
   Redirected URL = null
          Cookies = []

MockHttpServletRequest:
      HTTP Method = POST
      Request URI = /products/order
       Parameters = {}
          Headers = [Accept:"application/json"]
             Body = null
    Session Attrs = {}

Handler:
             Type = finalproject.emag.controller.ProductController
           Method = public org.springframework.http.ResponseEntity finalproject.emag.controller.ProductController.makeOrder(javax.servlet.http.HttpSession) throws finalproject.emag.util.exception.BaseException

Async:
    Async started = false
     Async result = null

Resolved Exception:
             Type = finalproject.emag.util.exception.NotLoggedException

ModelAndView:
        View name = null
             View = null
            Model = null

FlashMap:
       Attributes = null

MockHttpServletResponse:
           Status = 401
    Error message = null
          Headers = [Content-Type:"application/json;charset=UTF-8"]
     Content type = application/json;charset=UTF-8
             Body = {"msg":"You are not logged."}
    Forwarded URL = null
   Redirected URL = null
          Cookies = []

MockHttpServletRequest:
      HTTP Method = GET
      Request URI = /products/view/cart
       Parameters = {}
          Headers = [Accept:"application/json"]
             Body = null
    Session Attrs = {}

Handler:
             Type = finalproject.emag.controller.ProductController
           Method = public java.util.List<finalproject.emag.model.dto.CartViewProductDTO> finalproject.emag.controller.ProductController.viewCart(javax.servlet.http.HttpSession) throws finalproject.emag.util.exception.BaseException

Async:
    Async started = false
     Async result = null

Resolved Exception:
             Type = finalproject.emag.util.exception.NotLoggedException

ModelAndView:
        View name = null
             View = null
            Model = null

FlashMap:
       Attributes = null

MockHttpServletResponse:
           Status = 401
    Error message = null
          Headers = [Content-Type:"application/json;charset=UTF-8"]
     Content type = application/json;charset=UTF-8
             Body = {"msg":"You are not logged."}
    Forwarded URL = null
   Redirected URL = null
          Cookies = []

MockHttpServletRequest:
      HTTP Method = PUT
      Request URI = /products/1/quantity/50
       Parameters = {}
          Headers = [Accept:"application/json"]
             Body = null
    Session Attrs = {user=ShowUserDTO(id=2, email=admin@abv.bg, name=Admin, username=admin, phoneNumber=666, birthDate=2019-07-01, subscribed=false, admin=true, imageUrl=null)}

Handler:
             Type = finalproject.emag.controller.ProductController
           Method = public org.springframework.http.ResponseEntity finalproject.emag.controller.ProductController.changeProductQuantity(long,int,javax.servlet.http.HttpSession) throws finalproject.emag.util.exception.BaseException

Async:
    Async started = false
     Async result = null

Resolved Exception:
             Type = null

ModelAndView:
        View name = null
             View = null
            Model = null

FlashMap:
       Attributes = null

MockHttpServletResponse:
           Status = 200
    Error message = null
          Headers = [Content-Type:"application/json;charset=UTF-8"]
     Content type = application/json;charset=UTF-8
             Body = {"msg":"Quantity changed"}
    Forwarded URL = null
   Redirected URL = null
          Cookies = []

MockHttpServletRequest:
      HTTP Method = POST
      Request URI = /products
       Parameters = {}
          Headers = [Content-Type:"application/json;charset=UTF-8", Accept:"application/json"]
             Body = {"name":"HP","price":null,"quantity":null,"categoryId":1}
    Session Attrs = {user=ShowUserDTO(id=2, email=admin@abv.bg, name=Admin, username=admin, phoneNumber=666, birthDate=2019-07-01, subscribed=false, admin=true, imageUrl=null)}

Handler:
             Type = finalproject.emag.controller.ProductController
           Method = public org.springframework.http.ResponseEntity finalproject.emag.controller.ProductController.addProduct(finalproject.emag.model.dto.ProductAddDTO,javax.servlet.http.HttpSession) throws finalproject.emag.util.exception.BaseException

Async:
    Async started = false
     Async result = null

Resolved Exception:
             Type = org.springframework.web.bind.MethodArgumentNotValidException

ModelAndView:
        View name = null
             View = null
            Model = null

FlashMap:
       Attributes = null

MockHttpServletResponse:
           Status = 400
    Error message = null
          Headers = []
     Content type = null
             Body = 
    Forwarded URL = null
   Redirected URL = null
          Cookies = []

MockHttpServletRequest:
      HTTP Method = POST
      Request URI = /products
       Parameters = {}
          Headers = [Content-Type:"application/json;charset=UTF-8", Accept:"application/json"]
             Body = {"name":"HP","price":5000.0,"quantity":6,"categoryId":1}
    Session Attrs = {user=ShowUserDTO(id=1, email=gosho@abv.bg, name=Georgi Petkov, username=gosho, phoneNumber=0345345, birthDate=2019-07-01, subscribed=true, admin=false, imageUrl=null)}

Handler:
             Type = finalproject.emag.controller.ProductController
           Method = public org.springframework.http.ResponseEntity finalproject.emag.controller.ProductController.addProduct(finalproject.emag.model.dto.ProductAddDTO,javax.servlet.http.HttpSession) throws finalproject.emag.util.exception.BaseException

Async:
    Async started = false
     Async result = null

Resolved Exception:
             Type = finalproject.emag.util.exception.NotAdminException

ModelAndView:
        View name = null
             View = null
            Model = null

FlashMap:
       Attributes = null

MockHttpServletResponse:
           Status = 401
    Error message = null
          Headers = [Content-Type:"application/json;charset=UTF-8"]
     Content type = application/json;charset=UTF-8
             Body = {"msg":"You are not admin."}
    Forwarded URL = null
   Redirected URL = null
          Cookies = []

MockHttpServletRequest:
      HTTP Method = GET
      Request URI = /products/view/cart
       Parameters = {}
          Headers = [Accept:"application/json"]
             Body = null
    Session Attrs = {user=ShowUserDTO(id=1, email=gosho@abv.bg, name=Georgi Petkov, username=gosho, phoneNumber=0345345, birthDate=2019-07-01, subscribed=true, admin=false, imageUrl=null), cart={CartProductDTO(id=4, category=Category(id=4, name=White tech), name=Whirlpool, price=1500.0)=1}}

Handler:
             Type = finalproject.emag.controller.ProductController
           Method = public java.util.List<finalproject.emag.model.dto.CartViewProductDTO> finalproject.emag.controller.ProductController.viewCart(javax.servlet.http.HttpSession) throws finalproject.emag.util.exception.BaseException

Async:
    Async started = false
     Async result = null

Resolved Exception:
             Type = null

ModelAndView:
        View name = null
             View = null
            Model = null

FlashMap:
       Attributes = null

MockHttpServletResponse:
           Status = 200
    Error message = null
          Headers = [Content-Type:"application/json;charset=UTF-8"]
     Content type = application/json;charset=UTF-8
             Body = [{"id":4,"category":{"id":4,"name":"White tech"},"name":"Whirlpool","price":1500.0,"quantity":1}]
    Forwarded URL = null
   Redirected URL = null
          Cookies = []

MockHttpServletRequest:
      HTTP Method = POST
      Request URI = /products/10/add
       Parameters = {}
          Headers = [Accept:"application/json"]
             Body = null
    Session Attrs = {user=ShowUserDTO(id=1, email=gosho@abv.bg, name=Georgi Petkov, username=gosho, phoneNumber=0345345, birthDate=2019-07-01, subscribed=true, admin=false, imageUrl=null)}

Handler:
             Type = finalproject.emag.controller.ProductController
           Method = public org.springframework.http.ResponseEntity finalproject.emag.controller.ProductController.addToCart(long,javax.servlet.http.HttpSession) throws java.lang.Exception

Async:
    Async started = false
     Async result = null

Resolved Exception:
             Type = finalproject.emag.util.exception.ProductNotFoundException

ModelAndView:
        View name = null
             View = null
            Model = null

FlashMap:
       Attributes = null

MockHttpServletResponse:
           Status = 400
    Error message = null
          Headers = [Content-Type:"application/json;charset=UTF-8"]
     Content type = application/json;charset=UTF-8
             Body = {"msg":"Product not found"}
    Forwarded URL = null
   Redirected URL = null
          Cookies = []

MockHttpServletRequest:
      HTTP Method = DELETE
      Request URI = /products/1
       Parameters = {}
          Headers = [Accept:"application/json"]
             Body = null
    Session Attrs = {user=ShowUserDTO(id=1, email=gosho@abv.bg, name=Georgi Petkov, username=gosho, phoneNumber=0345345, birthDate=2019-07-01, subscribed=true, admin=false, imageUrl=null)}

Handler:
             Type = finalproject.emag.controller.ProductController
           Method = public org.springframework.http.ResponseEntity finalproject.emag.controller.ProductController.deleteProduct(long,javax.servlet.http.HttpSession) throws finalproject.emag.util.exception.BaseException

Async:
    Async started = false
     Async result = null

Resolved Exception:
             Type = finalproject.emag.util.exception.NotAdminException

ModelAndView:
        View name = null
             View = null
            Model = null

FlashMap:
       Attributes = null

MockHttpServletResponse:
           Status = 401
    Error message = null
          Headers = [Content-Type:"application/json;charset=UTF-8"]
     Content type = application/json;charset=UTF-8
             Body = {"msg":"You are not admin."}
    Forwarded URL = null
   Redirected URL = null
          Cookies = []

MockHttpServletRequest:
      HTTP Method = POST
      Request URI = /products
       Parameters = {}
          Headers = [Content-Type:"application/json;charset=UTF-8", Accept:"application/json"]
             Body = {"name":"HP","price":5000.0,"quantity":6,"categoryId":1}
    Session Attrs = {}

Handler:
             Type = finalproject.emag.controller.ProductController
           Method = public org.springframework.http.ResponseEntity finalproject.emag.controller.ProductController.addProduct(finalproject.emag.model.dto.ProductAddDTO,javax.servlet.http.HttpSession) throws finalproject.emag.util.exception.BaseException

Async:
    Async started = false
     Async result = null

Resolved Exception:
             Type = finalproject.emag.util.exception.NotLoggedException

ModelAndView:
        View name = null
             View = null
            Model = null

FlashMap:
       Attributes = null

MockHttpServletResponse:
           Status = 401
    Error message = null
          Headers = [Content-Type:"application/json;charset=UTF-8"]
     Content type = application/json;charset=UTF-8
             Body = {"msg":"You are not logged."}
    Forwarded URL = null
   Redirected URL = null
          Cookies = []

MockHttpServletRequest:
      HTTP Method = DELETE
      Request URI = /products/1
       Parameters = {}
          Headers = [Accept:"application/json"]
             Body = null
    Session Attrs = {user=ShowUserDTO(id=2, email=admin@abv.bg, name=Admin, username=admin, phoneNumber=666, birthDate=2019-07-01, subscribed=false, admin=true, imageUrl=null)}

Handler:
             Type = finalproject.emag.controller.ProductController
           Method = public org.springframework.http.ResponseEntity finalproject.emag.controller.ProductController.deleteProduct(long,javax.servlet.http.HttpSession) throws finalproject.emag.util.exception.BaseException

Async:
    Async started = false
     Async result = null

Resolved Exception:
             Type = null

ModelAndView:
        View name = null
             View = null
            Model = null

FlashMap:
       Attributes = null

MockHttpServletResponse:
           Status = 200
    Error message = null
          Headers = [Content-Type:"application/json;charset=UTF-8"]
     Content type = application/json;charset=UTF-8
             Body = {"msg":"Product deleted"}
    Forwarded URL = null
   Redirected URL = null
          Cookies = []

MockHttpServletRequest:
      HTTP Method = DELETE
      Request URI = /products/1
       Parameters = {}
          Headers = [Accept:"application/json"]
             Body = null
    Session Attrs = {}

Handler:
             Type = finalproject.emag.controller.ProductController
           Method = public org.springframework.http.ResponseEntity finalproject.emag.controller.ProductController.deleteProduct(long,javax.servlet.http.HttpSession) throws finalproject.emag.util.exception.BaseException

Async:
    Async started = false
     Async result = null

Resolved Exception:
             Type = finalproject.emag.util.exception.NotLoggedException

ModelAndView:
        View name = null
             View = null
            Model = null

FlashMap:
       Attributes = null

MockHttpServletResponse:
           Status = 401
    Error message = null
          Headers = [Content-Type:"application/json;charset=UTF-8"]
     Content type = application/json;charset=UTF-8
             Body = {"msg":"You are not logged."}
    Forwarded URL = null
   Redirected URL = null
          Cookies = []

MockHttpServletRequest:
      HTTP Method = POST
      Request URI = /products/order
       Parameters = {}
          Headers = [Accept:"application/json"]
             Body = null
    Session Attrs = {user=ShowUserDTO(id=1, email=gosho@abv.bg, name=Georgi Petkov, username=gosho, phoneNumber=0345345, birthDate=2019-07-01, subscribed=true, admin=false, imageUrl=null), cart={CartProductDTO(id=4, category=Category(id=4, name=White tech), name=Whirlpool, price=1500.0)=1}}

Handler:
             Type = finalproject.emag.controller.ProductController
           Method = public org.springframework.http.ResponseEntity finalproject.emag.controller.ProductController.makeOrder(javax.servlet.http.HttpSession) throws finalproject.emag.util.exception.BaseException

Async:
    Async started = false
     Async result = null

Resolved Exception:
             Type = null

ModelAndView:
        View name = null
             View = null
            Model = null

FlashMap:
       Attributes = null

MockHttpServletResponse:
           Status = 200
    Error message = null
          Headers = [Content-Type:"application/json;charset=UTF-8"]
     Content type = application/json;charset=UTF-8
             Body = {"msg":"Order made"}
    Forwarded URL = null
   Redirected URL = null
          Cookies = []

MockHttpServletRequest:
      HTTP Method = GET
      Request URI = /products/filter
       Parameters = {}
          Headers = [Content-Type:"application/json;charset=UTF-8", Accept:"application/json"]
             Body = {"from":1000.0,"to":2000.0,"order":"ASC"}
    Session Attrs = {}

Handler:
             Type = finalproject.emag.controller.ProductController
           Method = public java.util.List<finalproject.emag.model.pojo.Product> finalproject.emag.controller.ProductController.getAllProductsFiltered(finalproject.emag.model.dto.FilterParamsDTO)

Async:
    Async started = false
     Async result = null

Resolved Exception:
             Type = null

ModelAndView:
        View name = null
             View = null
            Model = null

FlashMap:
       Attributes = null

MockHttpServletResponse:
           Status = 200
    Error message = null
          Headers = [Content-Type:"application/json;charset=UTF-8"]
     Content type = application/json;charset=UTF-8
             Body = [{"id":2,"category":{"id":2,"name":"Mobile phones"},"name":"Samsung S10","price":1200.0,"quantity":1,"imageUrl":null},{"id":4,"category":{"id":4,"name":"White tech"},"name":"Whirlpool","price":1500.0,"quantity":6,"imageUrl":null}]
    Forwarded URL = null
   Redirected URL = null
          Cookies = []

MockHttpServletRequest:
      HTTP Method = POST
      Request URI = /products/promotions/2
       Parameters = {}
          Headers = [Content-Type:"application/json;charset=UTF-8", Accept:"application/json"]
             Body = {"startDate":{"year":2016,"month":"AUGUST","monthValue":8,"dayOfMonth":16,"dayOfWeek":"TUESDAY","leapYear":true,"dayOfYear":229,"era":"CE","chronology":{"id":"ISO","calendarType":"iso8601"}},"endDate":{"year":2016,"month":"SEPTEMBER","monthValue":9,"dayOfMonth":16,"dayOfWeek":"FRIDAY","leapYear":true,"dayOfYear":260,"era":"CE","chronology":{"id":"ISO","calendarType":"iso8601"}},"newPrice":500.0}
    Session Attrs = {user=ShowUserDTO(id=2, email=admin@abv.bg, name=Admin, username=admin, phoneNumber=666, birthDate=2019-07-01, subscribed=false, admin=true, imageUrl=null)}

Handler:
             Type = finalproject.emag.controller.PromotionsController
           Method = public org.springframework.http.ResponseEntity finalproject.emag.controller.PromotionsController.addPromotion(java.lang.Long,finalproject.emag.model.dto.PromotionProductDTO,javax.servlet.http.HttpSession) throws finalproject.emag.util.exception.BaseException

Async:
    Async started = false
     Async result = null

Resolved Exception:
             Type = org.springframework.http.converter.HttpMessageNotReadableException

ModelAndView:
        View name = null
             View = null
            Model = null

FlashMap:
       Attributes = null

MockHttpServletResponse:
           Status = 400
    Error message = null
          Headers = []
     Content type = null
             Body = 
    Forwarded URL = null
   Redirected URL = null
          Cookies = []
]]></system-out>
  </testcase>
</testsuite>